2023-02-25 08:19:54.873[INFO ] c.e.ExEmpManagementBugfixApplication - Starting ExEmpManagementBugfixApplication using Java 17.0.2 with PID 34609 (/Users/matsumotoyuyya/spring-workspace-spring-tool-suite-4-4.17.1.RELEASE/ex-emp-management-bugfix/bin/main started by matsumotoyuyya in /Users/matsumotoyuyya/spring-workspace-spring-tool-suite-4-4.17.1.RELEASE/ex-emp-management-bugfix)
2023-02-25 08:19:54.877[INFO ] c.e.ExEmpManagementBugfixApplication - No active profile set, falling back to 1 default profile: "default"
2023-02-25 08:19:54.903[INFO ] o.s.b.d.e.DevToolsPropertyDefaultsPostProcessor - Devtools property defaults active! Set 'spring.devtools.add-properties' to 'false' to disable
2023-02-25 08:19:54.903[INFO ] o.s.b.d.e.DevToolsPropertyDefaultsPostProcessor - For additional web related logging consider setting the 'logging.level.web' property to 'DEBUG'
2023-02-25 08:19:55.184[INFO ] o.s.d.r.c.RepositoryConfigurationDelegate - Bootstrapping Spring Data JPA repositories in DEFAULT mode.
2023-02-25 08:19:55.215[INFO ] o.s.d.r.c.RepositoryConfigurationDelegate - Finished Spring Data repository scanning in 26 ms. Found 1 JPA repository interfaces.
2023-02-25 08:19:55.502[INFO ] o.s.b.w.e.t.TomcatWebServer - Tomcat initialized with port(s): 8080 (http)
2023-02-25 08:19:55.507[INFO ] o.a.c.core.StandardService - Starting service [Tomcat]
2023-02-25 08:19:55.508[INFO ] o.a.c.core.StandardEngine - Starting Servlet engine: [Apache Tomcat/10.1.5]
2023-02-25 08:19:55.537[INFO ] o.a.c.c.C.[.[.[/] - Initializing Spring embedded WebApplicationContext
2023-02-25 08:19:55.538[INFO ] o.s.b.w.s.c.ServletWebServerApplicationContext - Root WebApplicationContext: initialization completed in 635 ms
2023-02-25 08:19:55.614[INFO ] c.z.h.HikariDataSource - HikariPool-1 - Starting...
2023-02-25 08:19:55.675[INFO ] c.z.hikari.pool.HikariPool - HikariPool-1 - Added connection org.postgresql.jdbc.PgConnection@29129102
2023-02-25 08:19:55.676[INFO ] c.z.h.HikariDataSource - HikariPool-1 - Start completed.
2023-02-25 08:19:55.697[INFO ] o.h.j.i.util.LogHelper - HHH000204: Processing PersistenceUnitInfo [name: default]
2023-02-25 08:19:55.725[INFO ] org.hibernate.Version - HHH000412: Hibernate ORM core version 6.1.6.Final
2023-02-25 08:19:55.893[INFO ] SQL dialect - HHH000400: Using dialect: org.hibernate.dialect.PostgreSQLDialect
2023-02-25 08:19:56.250[INFO ] o.h.e.t.j.p.i.JtaPlatformInitiator - HHH000490: Using JtaPlatform implementation: [org.hibernate.engine.transaction.jta.platform.internal.NoJtaPlatform]
2023-02-25 08:19:56.255[INFO ] o.s.o.j.LocalContainerEntityManagerFactoryBean - Initialized JPA EntityManagerFactory for persistence unit 'default'
2023-02-25 08:19:56.638[INFO ] o.s.s.w.DefaultSecurityFilterChain - Will secure any request with [org.springframework.security.web.session.DisableEncodeUrlFilter@31ea22b7, org.springframework.security.web.context.request.async.WebAsyncManagerIntegrationFilter@4166d69f, org.springframework.security.web.context.SecurityContextHolderFilter@32485b03, org.springframework.security.web.header.HeaderWriterFilter@3fd0d4c8, org.springframework.security.web.csrf.CsrfFilter@226cef9e, org.springframework.security.web.authentication.logout.LogoutFilter@4501522b, org.springframework.security.web.authentication.UsernamePasswordAuthenticationFilter@437d71ae, org.springframework.security.web.authentication.ui.DefaultLoginPageGeneratingFilter@766aa120, org.springframework.security.web.authentication.ui.DefaultLogoutPageGeneratingFilter@72f5a86c, org.springframework.security.web.authentication.www.BasicAuthenticationFilter@32c8569b, org.springframework.security.web.savedrequest.RequestCacheAwareFilter@47189282, org.springframework.security.web.servletapi.SecurityContextHolderAwareRequestFilter@7db8715d, org.springframework.security.web.authentication.AnonymousAuthenticationFilter@5b4a7f35, org.springframework.security.web.access.ExceptionTranslationFilter@6d43a35, org.springframework.security.web.access.intercept.AuthorizationFilter@28109332]
2023-02-25 08:19:56.660[INFO ] o.s.b.d.a.OptionalLiveReloadServer - LiveReload server is running on port 35729
2023-02-25 08:19:56.680[INFO ] o.s.b.w.e.t.TomcatWebServer - Tomcat started on port(s): 8080 (http) with context path ''
2023-02-25 08:19:56.686[INFO ] c.e.ExEmpManagementBugfixApplication - Started ExEmpManagementBugfixApplication in 2.05 seconds (process running for 2.369)
2023-02-25 08:20:04.994[INFO ] o.a.c.c.C.[.[.[/] - Initializing Spring DispatcherServlet 'dispatcherServlet'
2023-02-25 08:20:04.995[INFO ] o.s.w.s.DispatcherServlet - Initializing Servlet 'dispatcherServlet'
2023-02-25 08:20:04.996[INFO ] o.s.w.s.DispatcherServlet - Completed initialization in 1 ms
